<?xml version="1.0" encoding="UTF-8"?>
<!-- Generated by org.testng.reporters.JUnitXMLReporter -->
<testsuite ignored="0" hostname="DESKTOP-H2MVDTJ" failures="0" tests="3" name="Test2" time="48.381" errors="0" timestamp="2021-07-30T18:11:04 MDT">
  <testcase classname="Academy.HomePage" name="basePageNavigation" time="16.19"/>
  <testcase classname="Academy.HomePage" name="basePageNavigation" time="16.144"/>
  <testcase classname="Academy.HomePage" name="basePageNavigation" time="16.03"/>
</testsuite> <!-- Test2 -->
