<?xml version="1.0" encoding="UTF-8"?>
<!-- Generated by org.testng.reporters.JUnitXMLReporter -->
<testsuite ignored="0" hostname="DESKTOP-H2MVDTJ" failures="0" tests="0" time="0.021" errors="0" timestamp="2021-08-02T00:30:29 MDT">
  <testcase classname="Academy.HomePage" name="@AfterMethod Teardown" time="0.002">
    <failure type="java.lang.NullPointerException">
      <![CDATA[java.lang.NullPointerException
at Academy.HomePage.Teardown(HomePage.java:48)
at java.base/java.util.ArrayList.forEach(ArrayList.java:1507)
at java.base/java.util.concurrent.FutureTask.run(FutureTask.java:264)
at java.base/java.util.concurrent.ThreadPoolExecutor.runWorker(ThreadPoolExecutor.java:1128)
at java.base/java.util.concurrent.ThreadPoolExecutor$Worker.run(ThreadPoolExecutor.java:628)
at java.base/java.lang.Thread.run(Thread.java:830)
... Removed 23 stack frames]]>
    </failure>
  </testcase> <!-- @AfterMethod Teardown -->
  <testcase classname="Academy.HomePage" name="@AfterMethod Teardown" time="-1.627885830069E9">
    <skipped/>
  </testcase> <!-- @AfterMethod Teardown -->
  <testcase classname="Academy.HomePage" name="@AfterMethod Teardown" time="-1.627885830081E9">
    <skipped/>
  </testcase> <!-- @AfterMethod Teardown -->
</testsuite>
