<?xml version="1.0" encoding="UTF-8"?>
<!-- Generated by org.testng.reporters.JUnitXMLReporter -->
<testsuite hostname="DESKTOP-H2MVDTJ" failures="0" tests="3" name="Test2" time="48.004" errors="0" timestamp="31 Jul 2021 20:19:04 GMT">
  <testcase classname="Academy.HomePage" name="basePageNavigation" time="18.155"/>
  <testcase classname="Academy.HomePage" name="basePageNavigation" time="14.85"/>
  <testcase classname="Academy.HomePage" name="basePageNavigation" time="14.974"/>
</testsuite> <!-- Test2 -->
