<?xml version="1.0" encoding="UTF-8"?>
<!-- Generated by org.testng.reporters.JUnitXMLReporter -->
<testsuite ignored="0" hostname="DESKTOP-H2MVDTJ" failures="0" tests="3" name="Default test" time="54.235" errors="0" timestamp="2021-07-31T12:19:01 MDT">
  <testcase classname="Academy.HomePage" name="basePageNavigation" time="19.062"/>
  <testcase classname="Academy.HomePage" name="basePageNavigation" time="17.216"/>
  <testcase classname="Academy.HomePage" name="basePageNavigation" time="17.863"/>
</testsuite> <!-- Default test -->
