<?xml version="1.0" encoding="UTF-8"?>
<testng-results ignored="0" total="3" passed="3" failed="0" skipped="0">
  <reporter-output>
  </reporter-output>
  <suite started-at="2021-07-31T12:18:07 MDT" name="Default suite" finished-at="2021-07-31T12:19:01 MDT" duration-ms="54235">
    <groups>
    </groups>
    <test started-at="2021-07-31T12:18:07 MDT" name="Default test" finished-at="2021-07-31T12:19:01 MDT" duration-ms="54235">
      <class name="Academy.HomePage">
        <test-method signature="basePageNavigation(java.lang.String,java.lang.String,java.lang.String)[pri:0, instance:Academy.HomePage@6ef888f6]" started-at="2021-07-31T12:18:07 MDT" name="basePageNavigation" data-provider="getData" finished-at="2021-07-31T12:18:26 MDT" duration-ms="19062" status="PASS">
          <params>
            <param index="0">
              <value>
                <![CDATA[anubhavsood0009@gmail.com]]>
              </value>
            </param>
            <param index="1">
              <value>
                <![CDATA[123123]]>
              </value>
            </param>
            <param index="2">
              <value>
                <![CDATA[Ganda banda]]>
              </value>
            </param>
          </params>
          <reporter-output>
          </reporter-output>
        </test-method> <!-- basePageNavigation -->
        <test-method is-config="true" signature="Teardown()[pri:0, instance:Academy.HomePage@6ef888f6]" started-at="2021-07-31T12:18:26 MDT" name="Teardown" finished-at="2021-07-31T12:18:26 MDT" duration-ms="4" status="PASS">
          <reporter-output>
          </reporter-output>
        </test-method> <!-- Teardown -->
        <test-method signature="basePageNavigation(java.lang.String,java.lang.String,java.lang.String)[pri:0, instance:Academy.HomePage@6ef888f6]" started-at="2021-07-31T12:18:26 MDT" name="basePageNavigation" data-provider="getData" finished-at="2021-07-31T12:18:43 MDT" duration-ms="17216" status="PASS">
          <params>
            <param index="0">
              <value>
                <![CDATA[anubhavsood0009@gmail.com]]>
              </value>
            </param>
            <param index="1">
              <value>
                <![CDATA[123123]]>
              </value>
            </param>
            <param index="2">
              <value>
                <![CDATA[Ganda banda]]>
              </value>
            </param>
          </params>
          <reporter-output>
          </reporter-output>
        </test-method> <!-- basePageNavigation -->
        <test-method is-config="true" signature="Teardown()[pri:0, instance:Academy.HomePage@6ef888f6]" started-at="2021-07-31T12:18:43 MDT" name="Teardown" finished-at="2021-07-31T12:18:43 MDT" duration-ms="1" status="PASS">
          <reporter-output>
          </reporter-output>
        </test-method> <!-- Teardown -->
        <test-method signature="basePageNavigation(java.lang.String,java.lang.String,java.lang.String)[pri:0, instance:Academy.HomePage@6ef888f6]" started-at="2021-07-31T12:18:43 MDT" name="basePageNavigation" data-provider="getData" finished-at="2021-07-31T12:19:01 MDT" duration-ms="17863" status="PASS">
          <params>
            <param index="0">
              <value>
                <![CDATA[anubhavsood0009@gmail.com]]>
              </value>
            </param>
            <param index="1">
              <value>
                <![CDATA[123123]]>
              </value>
            </param>
            <param index="2">
              <value>
                <![CDATA[Ganda banda]]>
              </value>
            </param>
          </params>
          <reporter-output>
          </reporter-output>
        </test-method> <!-- basePageNavigation -->
        <test-method is-config="true" signature="Teardown()[pri:0, instance:Academy.HomePage@6ef888f6]" started-at="2021-07-31T12:19:01 MDT" name="Teardown" finished-at="2021-07-31T12:19:01 MDT" duration-ms="1" status="PASS">
          <reporter-output>
          </reporter-output>
        </test-method> <!-- Teardown -->
      </class> <!-- Academy.HomePage -->
    </test> <!-- Default test -->
  </suite> <!-- Default suite -->
</testng-results>
